
> cyberlabsec-platform@0.1.0 start
> next start

▲ Next.js 16.2.10
- Local:         http://localhost:3000
- Network:       http://100.115.92.204:3000
✓ Ready in 633ms
prisma:error No database host or connection string was set, and key parameters have default values (host: localhost, user: jerry, db: jerry, password: null). Is an environment variable missing? Alternatively, if you intended to connect with these parameters, please set the host to 'localhost' explicitly.
⨯ Error: No database host or connection string was set, and key parameters have default values (host: localhost, user: jerry, db: jerry, password: null). Is an environment variable missing? Alternatively, if you intended to connect with these parameters, please set the host to 'localhost' explicitly.
    at bF.connect (.next/server/chunks/ssr/_1ut3vkw._.js:15:13323)
    at bI.newClient (.next/server/chunks/ssr/_1ut3vkw._.js:14:31224)
    at bI.connect (.next/server/chunks/ssr/_1ut3vkw._.js:14:30829)
    at bI.query (.next/server/chunks/ssr/_1ut3vkw._.js:14:33307)
    at bI.query (.next/server/chunks/ssr/_1ut3vkw._.js:18:3466)
    at cJ.performIO (.next/server/chunks/ssr/_1ut3vkw._.js:19:7609)
    at cJ.queryRaw (.next/server/chunks/ssr/_1ut3vkw._.js:19:6231) {
  clientVersion: '7.8.0',
  digest: '2803649243'
}
prisma:error No database host or connection string was set, and key parameters have default values (host: localhost, user: jerry, db: jerry, password: null). Is an environment variable missing? Alternatively, if you intended to connect with these parameters, please set the host to 'localhost' explicitly.
⨯ Error: No database host or connection string was set, and key parameters have default values (host: localhost, user: jerry, db: jerry, password: null). Is an environment variable missing? Alternatively, if you intended to connect with these parameters, please set the host to 'localhost' explicitly.
    at bF.connect (.next/server/chunks/ssr/_1ut3vkw._.js:15:13323)
    at bI.newClient (.next/server/chunks/ssr/_1ut3vkw._.js:14:31224)
    at bI.connect (.next/server/chunks/ssr/_1ut3vkw._.js:14:30829)
    at bI.query (.next/server/chunks/ssr/_1ut3vkw._.js:14:33307)
    at bI.query (.next/server/chunks/ssr/_1ut3vkw._.js:18:3466)
    at cJ.performIO (.next/server/chunks/ssr/_1ut3vkw._.js:19:7609)
    at cJ.queryRaw (.next/server/chunks/ssr/_1ut3vkw._.js:19:6231) {
  clientVersion: '7.8.0',
  digest: '2803649243'
}
